#
# There is insufficient memory for the Java Runtime Environment to continue.
# Native memory allocation (malloc) failed to allocate 32744 bytes. Error detail: ChunkPool::allocate
# Possible reasons:
#   The system is out of physical RAM or swap space
#   This process is running with CompressedOops enabled, and the Java Heap may be blocking the growth of the native heap
# Possible solutions:
#   Reduce memory load on the system
#   Increase physical memory or swap space
#   Check if swap backing store is full
#   Decrease Java heap size (-Xmx/-Xms)
#   Decrease number of Java threads
#   Decrease Java thread stack sizes (-Xss)
#   Set larger code cache with -XX:ReservedCodeCacheSize=
#   JVM is running with Unscaled Compressed Oops mode in which the Java heap is
#     placed in the first 4GB address space. The Java Heap base address is the
#     maximum limit for the native heap growth. Please use -XX:HeapBaseMinAddress
#     to set the Java Heap base and to place the Java Heap above 4GB virtual address.
# This output file may be truncated or incomplete.
#
#  Out of Memory Error (arena.cpp:79), pid=6920, tid=8936
#
# JRE version: OpenJDK Runtime Environment (17.0.11) (build 17.0.11+0--11852314)
# Java VM: OpenJDK 64-Bit Server VM (17.0.11+0--11852314, mixed mode, tiered, compressed oops, compressed class ptrs, g1 gc, windows-amd64)
# No core dump will be written. Minidumps are not enabled by default on client versions of Windows
#

---------------  S U M M A R Y ------------

Command Line: --add-opens=java.base/java.util=ALL-UNNAMED --add-opens=java.base/java.lang=ALL-UNNAMED --add-opens=java.base/java.lang.invoke=ALL-UNNAMED --add-opens=java.prefs/java.util.prefs=ALL-UNNAMED --add-opens=java.base/java.nio.charset=ALL-UNNAMED --add-opens=java.base/java.net=ALL-UNNAMED --add-opens=java.base/java.util.concurrent.atomic=ALL-UNNAMED -Xmx2048m -Dfile.encoding=UTF-8 -Duser.country=RU -Duser.language=ru -Duser.variant -javaagent:C:\Users\valee\.gradle\wrapper\dists\gradle-8.7-bin\bhs2wmbdwecv87pi65oeuq5iu\gradle-8.7\lib\agents\gradle-instrumentation-agent-8.7.jar org.gradle.launcher.daemon.bootstrap.GradleDaemon 8.7

Host: Intel(R) Pentium(R) CPU N4200 @ 1.10GHz, 4 cores, 3G,  Windows 10 , 64 bit Build 19041 (10.0.19041.4957)
Time: Wed Oct 23 13:52:27 2024 RTZ 2 (s 10 , 64 bit Build 19041 (10.0.19041.4957) elapsed time: 125.748564 seconds (0d 0h 2m 5s)

---------------  T H R E A D  ---------------

Current thread (0x0000019f0032d0b0):  JavaThread "C2 CompilerThread0" daemon [_thread_in_native, id=8936, stack(0x0000008eb8b00000,0x0000008eb8c00000)]


Current CompileTask:
C2: 125823 8524       4       com.google.common.collect.MapMakerInternalMap::putIfAbsent (29 bytes)

Stack: [0x0000008eb8b00000,0x0000008eb8c00000]
Native frames: (J=compiled Java code, j=interpreted, Vv=VM code, C=native code)
V  [jvm.dll+0x687bb9]
V  [jvm.dll+0x84142a]
V  [jvm.dll+0x8430ae]
V  [jvm.dll+0x843713]
V  [jvm.dll+0x24a35f]
V  [jvm.dll+0xac741]
V  [jvm.dll+0xacb8c]
V  [jvm.dll+0x627bfa]
V  [jvm.dll+0x349de0]
V  [jvm.dll+0x35011c]
V  [jvm.dll+0x1aa0cc]
V  [jvm.dll+0x2b0b64]
V  [jvm.dll+0x6a0005]
V  [jvm.dll+0x697fbb]
V  [jvm.dll+0x6975f7]
V  [jvm.dll+0x6954e2]
V  [jvm.dll+0x1a964c]
V  [jvm.dll+0x1aa1e6]
V  [jvm.dll+0x2b0b64]
V  [jvm.dll+0x6a0005]
V  [jvm.dll+0x697fbb]
V  [jvm.dll+0x6975f7]
V  [jvm.dll+0x6954e2]
V  [jvm.dll+0x1a964c]
V  [jvm.dll+0x1aa1e6]
V  [jvm.dll+0x2b0b64]
V  [jvm.dll+0x6a0005]
V  [jvm.dll+0x697fbb]
V  [jvm.dll+0x6975f7]
V  [jvm.dll+0x6954e2]
V  [jvm.dll+0x1a964c]
V  [jvm.dll+0x21aec8]
V  [jvm.dll+0x1a63ed]
V  [jvm.dll+0x22b1ee]
V  [jvm.dll+0x229375]
V  [jvm.dll+0x7f5647]
V  [jvm.dll+0x7efa4a]
V  [jvm.dll+0x686a35]
C  [ucrtbase.dll+0x21bb2]
C  [KERNEL32.DLL+0x17374]
C  [ntdll.dll+0x4cc91]


---------------  P R O C E S S  ---------------

Threads class SMR info:
_java_thread_list=0x0000019f08d009d0, length=40, elements={
0x0000019f64b3dd10, 0x0000019f001c6620, 0x0000019f001c7dd0, 0x0000019f001fb800,
0x0000019f001fc8f0, 0x0000019f001fd960, 0x0000019f0032bd10, 0x0000019f0032d0b0,
0x0000019f003339b0, 0x0000019f003a5da0, 0x0000019f0047b110, 0x0000019f006319d0,
0x0000019f00e5f1c0, 0x0000019f066a1c70, 0x0000019f0669f010, 0x0000019f060e7780,
0x0000019f0669fc70, 0x0000019f05fcb940, 0x0000019f066a0150, 0x0000019f060fc3d0,
0x0000019f060fc8e0, 0x0000019f060fd810, 0x0000019f060fa060, 0x0000019f060fcdf0,
0x0000019f060fd300, 0x0000019f060faa80, 0x0000019f060faf90, 0x0000019f061674f0,
0x0000019f06164250, 0x0000019f061614c0, 0x0000019f06160080, 0x0000019f06164760,
0x0000019f06166ad0, 0x0000019f06164c70, 0x0000019f061623f0, 0x0000019f06163d40,
0x0000019f06160fb0, 0x0000019f061619d0, 0x0000019f061665c0, 0x0000019f06163830
}

Java Threads: ( => current thread )
  0x0000019f64b3dd10 JavaThread "main" [_thread_blocked, id=10344, stack(0x0000008eb7e00000,0x0000008eb7f00000)]
  0x0000019f001c6620 JavaThread "Reference Handler" daemon [_thread_blocked, id=4384, stack(0x0000008eb8500000,0x0000008eb8600000)]
  0x0000019f001c7dd0 JavaThread "Finalizer" daemon [_thread_blocked, id=10636, stack(0x0000008eb8600000,0x0000008eb8700000)]
  0x0000019f001fb800 JavaThread "Signal Dispatcher" daemon [_thread_blocked, id=2696, stack(0x0000008eb8700000,0x0000008eb8800000)]
  0x0000019f001fc8f0 JavaThread "Attach Listener" daemon [_thread_blocked, id=9272, stack(0x0000008eb8800000,0x0000008eb8900000)]
  0x0000019f001fd960 JavaThread "Service Thread" daemon [_thread_blocked, id=8588, stack(0x0000008eb8900000,0x0000008eb8a00000)]
  0x0000019f0032bd10 JavaThread "Monitor Deflation Thread" daemon [_thread_blocked, id=8868, stack(0x0000008eb8a00000,0x0000008eb8b00000)]
=>0x0000019f0032d0b0 JavaThread "C2 CompilerThread0" daemon [_thread_in_native, id=8936, stack(0x0000008eb8b00000,0x0000008eb8c00000)]
  0x0000019f003339b0 JavaThread "C1 CompilerThread0" daemon [_thread_blocked, id=3868, stack(0x0000008eb8c00000,0x0000008eb8d00000)]
  0x0000019f003a5da0 JavaThread "Sweeper thread" daemon [_thread_blocked, id=11132, stack(0x0000008eb8d00000,0x0000008eb8e00000)]
  0x0000019f0047b110 JavaThread "Common-Cleaner" daemon [_thread_blocked, id=1684, stack(0x0000008eb8e00000,0x0000008eb8f00000)]
  0x0000019f006319d0 JavaThread "Notification Thread" daemon [_thread_blocked, id=7276, stack(0x0000008eb8f00000,0x0000008eb9000000)]
  0x0000019f00e5f1c0 JavaThread "Daemon health stats" [_thread_blocked, id=1756, stack(0x0000008eb9400000,0x0000008eb9500000)]
  0x0000019f066a1c70 JavaThread "Incoming local TCP Connector on port 58705" [_thread_in_native, id=2184, stack(0x0000008eb9500000,0x0000008eb9600000)]
  0x0000019f0669f010 JavaThread "Daemon periodic checks" [_thread_blocked, id=4712, stack(0x0000008eb9600000,0x0000008eb9700000)]
  0x0000019f060e7780 JavaThread "Daemon" [_thread_blocked, id=8752, stack(0x0000008eb9700000,0x0000008eb9800000)]
  0x0000019f0669fc70 JavaThread "Handler for socket connection from /127.0.0.1:58705 to /127.0.0.1:58706" [_thread_in_native, id=6436, stack(0x0000008eb9800000,0x0000008eb9900000)]
  0x0000019f05fcb940 JavaThread "Cancel handler" [_thread_blocked, id=9948, stack(0x0000008eb9900000,0x0000008eb9a00000)]
  0x0000019f066a0150 JavaThread "Daemon worker" [_thread_in_vm, id=8388, stack(0x0000008eb9a00000,0x0000008eb9b00000)]
  0x0000019f060fc3d0 JavaThread "Asynchronous log dispatcher for DefaultDaemonConnection: socket connection from /127.0.0.1:58705 to /127.0.0.1:58706" [_thread_blocked, id=6560, stack(0x0000008eb9b00000,0x0000008eb9c00000)]
  0x0000019f060fc8e0 JavaThread "Daemon client event forwarder" [_thread_blocked, id=9600, stack(0x0000008eb9d00000,0x0000008eb9e00000)]
  0x0000019f060fd810 JavaThread "Cache worker for journal cache (C:\Users\valee\.gradle\caches\journal-1)" [_thread_blocked, id=2840, stack(0x0000008eb9e00000,0x0000008eb9f00000)]
  0x0000019f060fa060 JavaThread "File lock request listener" [_thread_in_native, id=10476, stack(0x0000008eb9f00000,0x0000008eba000000)]
  0x0000019f060fcdf0 JavaThread "Cache worker for file hash cache (C:\Users\valee\.gradle\caches\8.7\fileHashes)" [_thread_blocked, id=7096, stack(0x0000008eba000000,0x0000008eba100000)]
  0x0000019f060fd300 JavaThread "Cache worker for file hash cache (H:\Quiz\Quiz-MobileApp\.gradle\8.7\fileHashes)" [_thread_blocked, id=6240, stack(0x0000008eba300000,0x0000008eba400000)]
  0x0000019f060faa80 JavaThread "File watcher server" daemon [_thread_in_native, id=6416, stack(0x0000008eba200000,0x0000008eba300000)]
  0x0000019f060faf90 JavaThread "File watcher consumer" daemon [_thread_blocked, id=6808, stack(0x0000008eba400000,0x0000008eba500000)]
  0x0000019f061674f0 JavaThread "Cache worker for checksums cache (H:\Quiz\Quiz-MobileApp\.gradle\8.7\checksums)" [_thread_blocked, id=10228, stack(0x0000008eba500000,0x0000008eba600000)]
  0x0000019f06164250 JavaThread "Cache worker for cache directory md-supplier (C:\Users\valee\.gradle\caches\8.7\md-supplier)" [_thread_blocked, id=8800, stack(0x0000008eba600000,0x0000008eba700000)]
  0x0000019f061614c0 JavaThread "Cache worker for cache directory md-rule (C:\Users\valee\.gradle\caches\8.7\md-rule)" [_thread_blocked, id=7696, stack(0x0000008eba700000,0x0000008eba800000)]
  0x0000019f06160080 JavaThread "Cache worker for file content cache (C:\Users\valee\.gradle\caches\8.7\fileContent)" [_thread_blocked, id=7068, stack(0x0000008eba900000,0x0000008ebaa00000)]
  0x0000019f06164760 JavaThread "Cache worker for Build Output Cleanup Cache (H:\Quiz\Quiz-MobileApp\.gradle\buildOutputCleanup)" [_thread_blocked, id=6400, stack(0x0000008eba800000,0x0000008eba900000)]
  0x0000019f06166ad0 JavaThread "Unconstrained build operations" [_thread_blocked, id=5592, stack(0x0000008ebad00000,0x0000008ebae00000)]
  0x0000019f06164c70 JavaThread "Unconstrained build operations Thread 2" [_thread_blocked, id=9128, stack(0x0000008ebae00000,0x0000008ebaf00000)]
  0x0000019f061623f0 JavaThread "Unconstrained build operations Thread 3" [_thread_blocked, id=10644, stack(0x0000008ebaf00000,0x0000008ebb000000)]
  0x0000019f06163d40 JavaThread "Unconstrained build operations Thread 4" [_thread_blocked, id=2748, stack(0x0000008ebb000000,0x0000008ebb100000)]
  0x0000019f06160fb0 JavaThread "Unconstrained build operations Thread 5" [_thread_blocked, id=10524, stack(0x0000008ebb100000,0x0000008ebb200000)]
  0x0000019f061619d0 JavaThread "Unconstrained build operations Thread 6" [_thread_blocked, id=11056, stack(0x0000008ebb200000,0x0000008ebb300000)]
  0x0000019f061665c0 JavaThread "build event listener" [_thread_blocked, id=8564, stack(0x0000008ebb300000,0x0000008ebb400000)]
  0x0000019f06163830 JavaThread "Memory manager" [_thread_blocked, id=8124, stack(0x0000008ebb400000,0x0000008ebb500000)]

Other Threads:
  0x0000019f001a38a0 VMThread "VM Thread" [stack: 0x0000008eb8400000,0x0000008eb8500000] [id=10048]
  0x0000019f64b3eae0 WatcherThread [stack: 0x0000008eb9000000,0x0000008eb9100000] [id=3604]
  0x0000019f64b9d120 GCTaskThread "GC Thread#0" [stack: 0x0000008eb7f00000,0x0000008eb8000000] [id=2740]
  0x0000019f00904b30 GCTaskThread "GC Thread#1" [stack: 0x0000008eb9100000,0x0000008eb9200000] [id=7092]
  0x0000019f008cc6d0 GCTaskThread "GC Thread#2" [stack: 0x0000008eb9200000,0x0000008eb9300000] [id=1932]
  0x0000019f05403fb0 GCTaskThread "GC Thread#3" [stack: 0x0000008eb9300000,0x0000008eb9400000] [id=1616]
  0x0000019f64bae720 ConcurrentGCThread "G1 Main Marker" [stack: 0x0000008eb8000000,0x0000008eb8100000] [id=8464]
  0x0000019f64baf050 ConcurrentGCThread "G1 Conc#0" [stack: 0x0000008eb8100000,0x0000008eb8200000] [id=10628]
  0x0000019f64bfbf20 ConcurrentGCThread "G1 Refine#0" [stack: 0x0000008eb8200000,0x0000008eb8300000] [id=10672]
  0x0000019f066132d0 ConcurrentGCThread "G1 Refine#1" [stack: 0x0000008eba100000,0x0000008eba200000] [id=9264]
  0x0000019f64bfc860 ConcurrentGCThread "G1 Service" [stack: 0x0000008eb8300000,0x0000008eb8400000] [id=10768]

Threads with active compile tasks:
C2 CompilerThread0   131442 8524       4       com.google.common.collect.MapMakerInternalMap::putIfAbsent (29 bytes)

VM state: not at safepoint (normal execution)

VM Mutex/Monitor currently owned by a thread:  ([mutex/lock_event])
[0x0000019f64b387d0] Metaspace_lock - owner thread: 0x0000019f066a0150

Heap address: 0x0000000080000000, size: 2048 MB, Compressed Oops mode: 32-bit

CDS archive(s) not mapped
Compressed class space mapped at: 0x0000000100000000-0x0000000140000000, reserved size: 1073741824
Narrow klass base: 0x0000000000000000, Narrow klass shift: 3, Narrow klass range: 0x140000000

GC Precious Log:
 CPUs: 4 total, 4 available
 Memory: 3920M
 Large Page Support: Disabled
 NUMA Support: Disabled
 Compressed Oops: Enabled (32-bit)
 Heap Region Size: 1M
 Heap Min Capacity: 8M
 Heap Initial Capacity: 62M
 Heap Max Capacity: 2G
 Pre-touch: Disabled
 Parallel Workers: 4
 Concurrent Workers: 1
 Concurrent Refinement Workers: 4
 Periodic GC: Disabled

Heap:
 garbage-first heap   total 130048K, used 73716K [0x0000000080000000, 0x0000000100000000)
  region size 1024K, 4 young (4096K), 1 survivors (1024K)
 Metaspace       used 86049K, committed 86656K, reserved 1179648K
  class space    used 11788K, committed 12096K, reserved 1048576K

Heap Regions: E=young(eden), S=young(survivor), O=old, HS=humongous(starts), HC=humongous(continues), CS=collection set, F=free, OA=open archive, CA=closed archive, TAMS=top-at-mark-start (previous, next)
|   0|0x0000000080000000, 0x0000000080100000, 0x0000000080100000|100%| O|  |TAMS 0x0000000080100000, 0x0000000080000000| Untracked 
|   1|0x0000000080100000, 0x0000000080200000, 0x0000000080200000|100%|HS|  |TAMS 0x0000000080200000, 0x0000000080100000| Complete 
|   2|0x0000000080200000, 0x0000000080300000, 0x0000000080300000|100%|HC|  |TAMS 0x0000000080300000, 0x0000000080200000| Complete 
|   3|0x0000000080300000, 0x0000000080400000, 0x0000000080400000|100%|HC|  |TAMS 0x0000000080400000, 0x0000000080300000| Complete 
|   4|0x0000000080400000, 0x0000000080500000, 0x0000000080500000|100%|HC|  |TAMS 0x0000000080500000, 0x0000000080400000| Complete 
|   5|0x0000000080500000, 0x0000000080600000, 0x0000000080600000|100%| O|  |TAMS 0x0000000080600000, 0x0000000080500000| Untracked 
|   6|0x0000000080600000, 0x0000000080700000, 0x0000000080700000|100%| O|  |TAMS 0x0000000080700000, 0x0000000080600000| Untracked 
|   7|0x0000000080700000, 0x0000000080800000, 0x0000000080800000|100%| O|  |TAMS 0x0000000080800000, 0x0000000080700000| Untracked 
|   8|0x0000000080800000, 0x0000000080900000, 0x0000000080900000|100%| O|  |TAMS 0x0000000080900000, 0x0000000080800000| Untracked 
|   9|0x0000000080900000, 0x0000000080a00000, 0x0000000080a00000|100%| O|  |TAMS 0x0000000080a00000, 0x0000000080900000| Untracked 
|  10|0x0000000080a00000, 0x0000000080b00000, 0x0000000080b00000|100%| O|  |TAMS 0x0000000080b00000, 0x0000000080a00000| Untracked 
|  11|0x0000000080b00000, 0x0000000080c00000, 0x0000000080c00000|100%| O|  |TAMS 0x0000000080c00000, 0x0000000080b00000| Untracked 
|  12|0x0000000080c00000, 0x0000000080d00000, 0x0000000080d00000|100%| O|  |TAMS 0x0000000080d00000, 0x0000000080c00000| Untracked 
|  13|0x0000000080d00000, 0x0000000080e00000, 0x0000000080e00000|100%| O|  |TAMS 0x0000000080e00000, 0x0000000080d00000| Untracked 
|  14|0x0000000080e00000, 0x0000000080f00000, 0x0000000080f00000|100%| O|  |TAMS 0x0000000080f00000, 0x0000000080e00000| Untracked 
|  15|0x0000000080f00000, 0x0000000081000000, 0x0000000081000000|100%| O|  |TAMS 0x0000000081000000, 0x0000000080f00000| Untracked 
|  16|0x0000000081000000, 0x0000000081100000, 0x0000000081100000|100%| O|  |TAMS 0x0000000081100000, 0x0000000081000000| Untracked 
|  17|0x0000000081100000, 0x0000000081200000, 0x0000000081200000|100%| O|  |TAMS 0x0000000081200000, 0x0000000081100000| Untracked 
|  18|0x0000000081200000, 0x0000000081300000, 0x0000000081300000|100%| O|  |TAMS 0x0000000081300000, 0x0000000081200000| Untracked 
|  19|0x0000000081300000, 0x0000000081400000, 0x0000000081400000|100%| O|  |TAMS 0x0000000081400000, 0x0000000081300000| Untracked 
|  20|0x0000000081400000, 0x0000000081500000, 0x0000000081500000|100%| O|  |TAMS 0x0000000081500000, 0x0000000081400000| Untracked 
|  21|0x0000000081500000, 0x0000000081600000, 0x0000000081600000|100%| O|  |TAMS 0x0000000081600000, 0x0000000081500000| Untracked 
|  22|0x0000000081600000, 0x0000000081700000, 0x0000000081700000|100%| O|  |TAMS 0x0000000081700000, 0x0000000081600000| Untracked 
|  23|0x0000000081700000, 0x0000000081800000, 0x0000000081800000|100%| O|  |TAMS 0x0000000081800000, 0x0000000081700000| Untracked 
|  24|0x0000000081800000, 0x0000000081900000, 0x0000000081900000|100%| O|  |TAMS 0x0000000081900000, 0x0000000081800000| Untracked 
|  25|0x0000000081900000, 0x0000000081a00000, 0x0000000081a00000|100%| O|  |TAMS 0x0000000081a00000, 0x0000000081900000| Untracked 
|  26|0x0000000081a00000, 0x0000000081b00000, 0x0000000081b00000|100%| O|  |TAMS 0x0000000081b00000, 0x0000000081a00000| Untracked 
|  27|0x0000000081b00000, 0x0000000081c00000, 0x0000000081c00000|100%| O|  |TAMS 0x0000000081c00000, 0x0000000081b00000| Untracked 
|  28|0x0000000081c00000, 0x0000000081d00000, 0x0000000081d00000|100%| O|  |TAMS 0x0000000081d00000, 0x0000000081c00000| Untracked 
|  29|0x0000000081d00000, 0x0000000081e00000, 0x0000000081e00000|100%| O|  |TAMS 0x0000000081e00000, 0x0000000081d00000| Untracked 
|  30|0x0000000081e00000, 0x0000000081f00000, 0x0000000081f00000|100%| O|  |TAMS 0x0000000081e00000, 0x0000000081e00000| Untracked 
|  31|0x0000000081f00000, 0x0000000082000000, 0x0000000082000000|100%| O|  |TAMS 0x0000000082000000, 0x0000000081f00000| Untracked 
|  32|0x0000000082000000, 0x0000000082100000, 0x0000000082100000|100%| O|  |TAMS 0x0000000082100000, 0x0000000082000000| Untracked 
|  33|0x0000000082100000, 0x0000000082200000, 0x0000000082200000|100%| O|  |TAMS 0x0000000082200000, 0x0000000082100000| Untracked 
|  34|0x0000000082200000, 0x0000000082300000, 0x0000000082300000|100%| O|  |TAMS 0x0000000082300000, 0x0000000082200000| Untracked 
|  35|0x0000000082300000, 0x0000000082400000, 0x0000000082400000|100%| O|  |TAMS 0x0000000082400000, 0x0000000082300000| Untracked 
|  36|0x0000000082400000, 0x0000000082500000, 0x0000000082500000|100%| O|  |TAMS 0x0000000082500000, 0x0000000082400000| Untracked 
|  37|0x0000000082500000, 0x0000000082600000, 0x0000000082600000|100%| O|  |TAMS 0x0000000082600000, 0x0000000082500000| Untracked 
|  38|0x0000000082600000, 0x0000000082700000, 0x0000000082700000|100%| O|  |TAMS 0x0000000082700000, 0x0000000082600000| Untracked 
|  39|0x0000000082700000, 0x0000000082800000, 0x0000000082800000|100%| O|  |TAMS 0x0000000082800000, 0x0000000082700000| Untracked 
|  40|0x0000000082800000, 0x0000000082900000, 0x0000000082900000|100%|HS|  |TAMS 0x0000000082800000, 0x0000000082800000| Complete 
|  41|0x0000000082900000, 0x0000000082a00000, 0x0000000082a00000|100%| O|  |TAMS 0x0000000082a00000, 0x0000000082900000| Untracked 
|  42|0x0000000082a00000, 0x0000000082b00000, 0x0000000082b00000|100%| O|  |TAMS 0x0000000082b00000, 0x0000000082a00000| Untracked 
|  43|0x0000000082b00000, 0x0000000082c00000, 0x0000000082c00000|100%|HS|  |TAMS 0x0000000082c00000, 0x0000000082b00000| Complete 
|  44|0x0000000082c00000, 0x0000000082d00000, 0x0000000082d00000|100%|HS|  |TAMS 0x0000000082d00000, 0x0000000082c00000| Complete 
|  45|0x0000000082d00000, 0x0000000082e00000, 0x0000000082e00000|100%|HS|  |TAMS 0x0000000082e00000, 0x0000000082d00000| Complete 
|  46|0x0000000082e00000, 0x0000000082f00000, 0x0000000082f00000|100%|HS|  |TAMS 0x0000000082f00000, 0x0000000082e00000| Complete 
|  47|0x0000000082f00000, 0x0000000083000000, 0x0000000083000000|100%| O|  |TAMS 0x0000000083000000, 0x0000000082f00000| Untracked 
|  48|0x0000000083000000, 0x0000000083100000, 0x0000000083100000|100%|HS|  |TAMS 0x0000000083100000, 0x0000000083000000| Complete 
|  49|0x0000000083100000, 0x0000000083200000, 0x0000000083200000|100%| O|  |TAMS 0x0000000083200000, 0x0000000083100000| Untracked 
|  50|0x0000000083200000, 0x0000000083300000, 0x0000000083300000|100%| O|  |TAMS 0x0000000083300000, 0x0000000083200000| Untracked 
|  51|0x0000000083300000, 0x0000000083400000, 0x0000000083400000|100%| O|  |TAMS 0x0000000083400000, 0x0000000083300000| Untracked 
|  52|0x0000000083400000, 0x0000000083500000, 0x0000000083500000|100%| O|  |TAMS 0x0000000083500000, 0x0000000083400000| Untracked 
|  53|0x0000000083500000, 0x0000000083600000, 0x0000000083600000|100%| O|  |TAMS 0x0000000083600000, 0x0000000083500000| Untracked 
|  54|0x0000000083600000, 0x0000000083700000, 0x0000000083700000|100%| O|  |TAMS 0x00000000836b2c00, 0x0000000083600000| Untracked 
|  55|0x0000000083700000, 0x0000000083800000, 0x0000000083800000|100%| O|  |TAMS 0x0000000083700000, 0x0000000083700000| Untracked 
|  56|0x0000000083800000, 0x0000000083900000, 0x0000000083900000|100%| O|  |TAMS 0x0000000083800000, 0x0000000083800000| Untracked 
|  57|0x0000000083900000, 0x0000000083a00000, 0x0000000083a00000|100%| O|  |TAMS 0x0000000083900000, 0x0000000083900000| Untracked 
|  58|0x0000000083a00000, 0x0000000083b00000, 0x0000000083b00000|100%| O|  |TAMS 0x0000000083a00000, 0x0000000083a00000| Untracked 
|  59|0x0000000083b00000, 0x0000000083c00000, 0x0000000083c00000|100%| O|  |TAMS 0x0000000083b00000, 0x0000000083b00000| Untracked 
|  60|0x0000000083c00000, 0x0000000083d00000, 0x0000000083d00000|100%|HS|  |TAMS 0x0000000083c00000, 0x0000000083c00000| Complete 
|  61|0x0000000083d00000, 0x0000000083e00000, 0x0000000083e00000|100%| O|  |TAMS 0x0000000083d00000, 0x0000000083d00000| Untracked 
|  62|0x0000000083e00000, 0x0000000083f00000, 0x0000000083f00000|100%| O|  |TAMS 0x0000000083e00000, 0x0000000083e00000| Untracked 
|  63|0x0000000083f00000, 0x0000000084000000, 0x0000000084000000|100%| O|  |TAMS 0x0000000083f00000, 0x0000000083f00000| Untracked 
|  64|0x0000000084000000, 0x0000000084099c00, 0x0000000084100000| 60%| O|  |TAMS 0x0000000084000000, 0x0000000084000000| Untracked 
|  65|0x0000000084100000, 0x0000000084200000, 0x0000000084200000|100%| O|  |TAMS 0x0000000084100000, 0x0000000084100000| Untracked 
|  66|0x0000000084200000, 0x0000000084300000, 0x0000000084300000|100%| O|  |TAMS 0x0000000084200000, 0x0000000084200000| Untracked 
|  67|0x0000000084300000, 0x0000000084400000, 0x0000000084400000|100%| O|  |TAMS 0x0000000084300000, 0x0000000084300000| Untracked 
|  68|0x0000000084400000, 0x0000000084500000, 0x0000000084500000|100%| O|  |TAMS 0x0000000084400000, 0x0000000084400000| Untracked 
|  69|0x0000000084500000, 0x0000000084600000, 0x0000000084600000|100%| O|  |TAMS 0x0000000084500000, 0x0000000084500000| Untracked 
|  70|0x0000000084600000, 0x0000000084600000, 0x0000000084700000|  0%| F|  |TAMS 0x0000000084600000, 0x0000000084600000| Untracked 
|  71|0x0000000084700000, 0x0000000084700000, 0x0000000084800000|  0%| F|  |TAMS 0x0000000084700000, 0x0000000084700000| Untracked 
|  72|0x0000000084800000, 0x0000000084800000, 0x0000000084900000|  0%| F|  |TAMS 0x0000000084800000, 0x0000000084800000| Untracked 
|  73|0x0000000084900000, 0x0000000084900000, 0x0000000084a00000|  0%| F|  |TAMS 0x0000000084900000, 0x0000000084900000| Untracked 
|  74|0x0000000084a00000, 0x0000000084a00000, 0x0000000084b00000|  0%| F|  |TAMS 0x0000000084a00000, 0x0000000084a00000| Untracked 
|  75|0x0000000084b00000, 0x0000000084b00000, 0x0000000084c00000|  0%| F|  |TAMS 0x0000000084b00000, 0x0000000084b00000| Untracked 
|  76|0x0000000084c00000, 0x0000000084c00000, 0x0000000084d00000|  0%| F|  |TAMS 0x0000000084c00000, 0x0000000084c00000| Untracked 
|  77|0x0000000084d00000, 0x0000000084d00000, 0x0000000084e00000|  0%| F|  |TAMS 0x0000000084d00000, 0x0000000084d00000| Untracked 
|  78|0x0000000084e00000, 0x0000000084e00000, 0x0000000084f00000|  0%| F|  |TAMS 0x0000000084e00000, 0x0000000084e00000| Untracked 
|  79|0x0000000084f00000, 0x0000000084f00000, 0x0000000085000000|  0%| F|  |TAMS 0x0000000084f00000, 0x0000000084f00000| Untracked 
|  80|0x0000000085000000, 0x0000000085000000, 0x0000000085100000|  0%| F|  |TAMS 0x0000000085000000, 0x0000000085000000| Untracked 
|  81|0x0000000085100000, 0x0000000085100000, 0x0000000085200000|  0%| F|  |TAMS 0x0000000085100000, 0x0000000085100000| Untracked 
|  82|0x0000000085200000, 0x0000000085200000, 0x0000000085300000|  0%| F|  |TAMS 0x0000000085200000, 0x0000000085200000| Untracked 
|  83|0x0000000085300000, 0x0000000085300000, 0x0000000085400000|  0%| F|  |TAMS 0x0000000085300000, 0x0000000085300000| Untracked 
|  84|0x0000000085400000, 0x0000000085400000, 0x0000000085500000|  0%| F|  |TAMS 0x0000000085400000, 0x0000000085400000| Untracked 
|  85|0x0000000085500000, 0x0000000085500000, 0x0000000085600000|  0%| F|  |TAMS 0x0000000085500000, 0x0000000085500000| Untracked 
|  86|0x0000000085600000, 0x0000000085600000, 0x0000000085700000|  0%| F|  |TAMS 0x0000000085600000, 0x0000000085600000| Untracked 
|  87|0x0000000085700000, 0x0000000085700000, 0x0000000085800000|  0%| F|  |TAMS 0x0000000085700000, 0x0000000085700000| Untracked 
|  88|0x0000000085800000, 0x0000000085800000, 0x0000000085900000|  0%| F|  |TAMS 0x0000000085800000, 0x0000000085800000| Untracked 
|  89|0x0000000085900000, 0x0000000085900000, 0x0000000085a00000|  0%| F|  |TAMS 0x0000000085900000, 0x0000000085900000| Untracked 
|  90|0x0000000085a00000, 0x0000000085a00000, 0x0000000085b00000|  0%| F|  |TAMS 0x0000000085a00000, 0x0000000085a00000| Untracked 
|  91|0x0000000085b00000, 0x0000000085b00000, 0x0000000085c00000|  0%| F|  |TAMS 0x0000000085b00000, 0x0000000085b00000| Untracked 
|  92|0x0000000085c00000, 0x0000000085c00000, 0x0000000085d00000|  0%| F|  |TAMS 0x0000000085c00000, 0x0000000085c00000| Untracked 
|  93|0x0000000085d00000, 0x0000000085d00000, 0x0000000085e00000|  0%| F|  |TAMS 0x0000000085d00000, 0x0000000085d00000| Untracked 
|  94|0x0000000085e00000, 0x0000000085e00000, 0x0000000085f00000|  0%| F|  |TAMS 0x0000000085e00000, 0x0000000085e00000| Untracked 
|  95|0x0000000085f00000, 0x0000000085f00000, 0x0000000086000000|  0%| F|  |TAMS 0x0000000085f00000, 0x0000000085f00000| Untracked 
|  96|0x0000000086000000, 0x0000000086000000, 0x0000000086100000|  0%| F|  |TAMS 0x0000000086000000, 0x0000000086000000| Untracked 
|  97|0x0000000086100000, 0x0000000086100000, 0x0000000086200000|  0%| F|  |TAMS 0x0000000086100000, 0x0000000086100000| Untracked 
|  98|0x0000000086200000, 0x0000000086200000, 0x0000000086300000|  0%| F|  |TAMS 0x0000000086200000, 0x0000000086200000| Untracked 
|  99|0x0000000086300000, 0x0000000086300000, 0x0000000086400000|  0%| F|  |TAMS 0x0000000086300000, 0x0000000086300000| Untracked 
| 100|0x0000000086400000, 0x0000000086400000, 0x0000000086500000|  0%| F|  |TAMS 0x0000000086400000, 0x0000000086400000| Untracked 
| 101|0x0000000086500000, 0x0000000086500000, 0x0000000086600000|  0%| F|  |TAMS 0x0000000086500000, 0x0000000086500000| Untracked 
| 102|0x0000000086600000, 0x0000000086600000, 0x0000000086700000|  0%| F|  |TAMS 0x0000000086600000, 0x0000000086600000| Untracked 
| 103|0x0000000086700000, 0x0000000086700000, 0x0000000086800000|  0%| F|  |TAMS 0x0000000086700000, 0x0000000086700000| Untracked 
| 104|0x0000000086800000, 0x0000000086800000, 0x0000000086900000|  0%| F|  |TAMS 0x0000000086800000, 0x0000000086800000| Untracked 
| 105|0x0000000086900000, 0x0000000086900000, 0x0000000086a00000|  0%| F|  |TAMS 0x0000000086900000, 0x0000000086900000| Untracked 
| 106|0x0000000086a00000, 0x0000000086a00000, 0x0000000086b00000|  0%| F|  |TAMS 0x0000000086a00000, 0x0000000086a00000| Untracked 
| 107|0x0000000086b00000, 0x0000000086b00000, 0x0000000086c00000|  0%| F|  |TAMS 0x0000000086b00000, 0x0000000086b00000| Untracked 
| 108|0x0000000086c00000, 0x0000000086c00000, 0x0000000086d00000|  0%| F|  |TAMS 0x0000000086c00000, 0x0000000086c00000| Untracked 
| 109|0x0000000086d00000, 0x0000000086d00000, 0x0000000086e00000|  0%| F|  |TAMS 0x0000000086d00000, 0x0000000086d00000| Untracked 
| 110|0x0000000086e00000, 0x0000000086e00000, 0x0000000086f00000|  0%| F|  |TAMS 0x0000000086e00000, 0x0000000086e00000| Untracked 
| 111|0x0000000086f00000, 0x0000000086f00000, 0x0000000087000000|  0%| F|  |TAMS 0x0000000086f00000, 0x0000000086f00000| Untracked 
| 112|0x0000000087000000, 0x0000000087000000, 0x0000000087100000|  0%| F|  |TAMS 0x0000000087000000, 0x0000000087000000| Untracked 
| 113|0x0000000087100000, 0x0000000087100000, 0x0000000087200000|  0%| F|  |TAMS 0x0000000087100000, 0x0000000087100000| Untracked 
| 114|0x0000000087200000, 0x0000000087200000, 0x0000000087300000|  0%| F|  |TAMS 0x0000000087200000, 0x0000000087200000| Untracked 
| 115|0x0000000087300000, 0x0000000087300000, 0x0000000087400000|  0%| F|  |TAMS 0x0000000087300000, 0x0000000087300000| Untracked 
| 116|0x0000000087400000, 0x0000000087400000, 0x0000000087500000|  0%| F|  |TAMS 0x0000000087400000, 0x0000000087400000| Untracked 
| 117|0x0000000087500000, 0x0000000087500000, 0x0000000087600000|  0%| F|  |TAMS 0x0000000087500000, 0x0000000087500000| Untracked 
| 118|0x0000000087600000, 0x0000000087600000, 0x0000000087700000|  0%| F|  |TAMS 0x0000000087600000, 0x0000000087600000| Untracked 
| 119|0x0000000087700000, 0x0000000087700000, 0x0000000087800000|  0%| F|  |TAMS 0x0000000087700000, 0x0000000087700000| Untracked 
| 120|0x0000000087800000, 0x0000000087863590, 0x0000000087900000| 38%| S|CS|TAMS 0x0000000087800000, 0x0000000087800000| Complete 
| 121|0x0000000087900000, 0x0000000087900000, 0x0000000087a00000|  0%| F|  |TAMS 0x0000000087900000, 0x0000000087900000| Untracked 
| 122|0x0000000087a00000, 0x0000000087a00000, 0x0000000087b00000|  0%| F|  |TAMS 0x0000000087a00000, 0x0000000087a00000| Untracked 
| 123|0x0000000087b00000, 0x0000000087b00000, 0x0000000087c00000|  0%| F|  |TAMS 0x0000000087b00000, 0x0000000087b00000| Untracked 
| 124|0x0000000087c00000, 0x0000000087c8a978, 0x0000000087d00000| 54%| E|  |TAMS 0x0000000087c00000, 0x0000000087c00000| Complete 
| 125|0x0000000087d00000, 0x0000000087e00000, 0x0000000087e00000|100%| E|CS|TAMS 0x0000000087d00000, 0x0000000087d00000| Complete 
| 126|0x0000000087e00000, 0x0000000087f00000, 0x0000000087f00000|100%| E|CS|TAMS 0x0000000087e00000, 0x0000000087e00000| Complete 

Card table byte_map: [0x0000019f79220000,0x0000019f79620000] _byte_map_base: 0x0000019f78e20000

Marking Bits (Prev, Next): (CMBitMap*) 0x0000019f64b9d650, (CMBitMap*) 0x0000019f64b9d690
 Prev Bits: [0x0000019f79a20000, 0x0000019f7ba20000)
 Next Bits: [0x0000019f7ba20000, 0x0000019f7da20000)

Polling page: 0x0000019f64c00000

Metaspace:

Usage:
  Non-class:     72.52 MB used.
      Class:     11.51 MB used.
       Both:     84.03 MB used.

Virtual space:
  Non-class space:      128.00 MB reserved,      72.81 MB ( 57%) committed,  2 nodes.
      Class space:        1.00 GB reserved,      11.81 MB (  1%) committed,  1 nodes.
             Both:        1.12 GB reserved,      84.62 MB (  7%) committed. 

Chunk freelists:
   Non-Class:  7.11 MB
       Class:  4.09 MB
        Both:  11.20 MB

MaxMetaspaceSize: unlimited
CompressedClassSpaceSize: 1.00 GB
Initial GC threshold: 21.00 MB
Current GC threshold: 106.56 MB
CDS: off
MetaspaceReclaimPolicy: balanced
 - commit_granule_bytes: 65536.
 - commit_granule_words: 8192.
 - virtual_space_node_default_size: 8388608.
 - enlarge_chunks_in_place: 1.
 - new_chunks_are_fully_committed: 0.
 - uncommit_free_chunks: 1.
 - use_allocation_guard: 0.
 - handle_deallocations: 1.


Internal statistics:

num_allocs_failed_limit: 6.
num_arena_births: 830.
num_arena_deaths: 0.
num_vsnodes_births: 3.
num_vsnodes_deaths: 0.
num_space_committed: 1354.
num_space_uncommitted: 0.
num_chunks_returned_to_freelist: 6.
num_chunks_taken_from_freelist: 3803.
num_chunk_merges: 6.
num_chunk_splits: 2552.
num_chunks_enlarged: 1741.
num_inconsistent_stats: 0.

CodeHeap 'non-profiled nmethods': size=120000Kb used=4080Kb max_used=4080Kb free=115919Kb
 bounds [0x0000019f712c0000, 0x0000019f716c0000, 0x0000019f787f0000]
CodeHeap 'profiled nmethods': size=120000Kb used=14992Kb max_used=14992Kb free=105007Kb
 bounds [0x0000019f697f0000, 0x0000019f6a6a0000, 0x0000019f70d20000]
CodeHeap 'non-nmethods': size=5760Kb used=1705Kb max_used=1740Kb free=4054Kb
 bounds [0x0000019f70d20000, 0x0000019f70f90000, 0x0000019f712c0000]
 total_blobs=8549 nmethods=7754 adapters=708
 compilation: enabled
              stopped_count=0, restarted_count=0
 full_count=0

Compilation events (20 events):
Event: 118.590 Thread 0x0000019f003339b0 nmethod 8514 0x0000019f6a690790 code [0x0000019f6a690920, 0x0000019f6a690a38]
Event: 118.636 Thread 0x0000019f0032d0b0 8515       4       java.util.Collections$UnmodifiableCollection::contains (11 bytes)
Event: 118.636 Thread 0x0000019f0032d0b0 nmethod 8515 0x0000019f716ba290 code [0x0000019f716ba400, 0x0000019f716ba498]
Event: 120.438 Thread 0x0000019f003339b0 8516       1       org.gradle.api.internal.DefaultNamedDomainObjectCollection::getInstantiator (5 bytes)
Event: 120.439 Thread 0x0000019f003339b0 nmethod 8516 0x0000019f716ba590 code [0x0000019f716ba720, 0x0000019f716ba7f8]
Event: 120.927 Thread 0x0000019f003339b0 8517       1       com.android.build.api.artifact.impl.ArtifactContainer::getCurrent (5 bytes)
Event: 120.928 Thread 0x0000019f003339b0 nmethod 8517 0x0000019f716ba890 code [0x0000019f716baa20, 0x0000019f716baaf8]
Event: 120.928 Thread 0x0000019f003339b0 8518       1       org.gradle.api.internal.provider.FlatMapProvider::getType (2 bytes)
Event: 120.928 Thread 0x0000019f003339b0 nmethod 8518 0x0000019f716bab90 code [0x0000019f716bad20, 0x0000019f716badf8]
Event: 121.851 Thread 0x0000019f003339b0 8519       1       com.android.build.api.artifact.impl.ArtifactsImpl::getObjects (5 bytes)
Event: 121.851 Thread 0x0000019f003339b0 nmethod 8519 0x0000019f716bae90 code [0x0000019f716bb020, 0x0000019f716bb0f8]
Event: 123.828 Thread 0x0000019f003339b0 8520       3       org.gradle.internal.operations.DefaultBuildOperationExecutor::call (11 bytes)
Event: 123.829 Thread 0x0000019f003339b0 nmethod 8520 0x0000019f6a690b10 code [0x0000019f6a690cc0, 0x0000019f6a690e88]
Event: 123.829 Thread 0x0000019f003339b0 8521       3       org.gradle.internal.operations.DefaultBuildOperationRunner::call (24 bytes)
Event: 123.830 Thread 0x0000019f003339b0 nmethod 8521 0x0000019f6a690f90 code [0x0000019f6a691180, 0x0000019f6a6917f8]
Event: 123.830 Thread 0x0000019f003339b0 8522       3       org.gradle.internal.operations.DefaultBuildOperationRunner$CallableBuildOperationWorker::execute (10 bytes)
Event: 123.830 Thread 0x0000019f003339b0 nmethod 8522 0x0000019f6a691a90 code [0x0000019f6a691c40, 0x0000019f6a691fe8]
Event: 124.585 Thread 0x0000019f003339b0 8523       3       org.gradle.api.internal.project.DefaultProject::getIdentityPath (10 bytes)
Event: 124.585 Thread 0x0000019f0032d0b0 8524       4       com.google.common.collect.MapMakerInternalMap::putIfAbsent (29 bytes)
Event: 124.586 Thread 0x0000019f003339b0 nmethod 8523 0x0000019f6a692110 code [0x0000019f6a6922a0, 0x0000019f6a692418]

GC Heap History (20 events):
Event: 49.134 GC heap before
{Heap before GC invocations=41 (full 0):
 garbage-first heap   total 102400K, used 80343K [0x0000000080000000, 0x0000000100000000)
  region size 1024K, 25 young (25600K), 1 survivors (1024K)
 Metaspace       used 67610K, committed 68224K, reserved 1114112K
  class space    used 9164K, committed 9472K, reserved 1048576K
}
Event: 49.139 GC heap after
{Heap after GC invocations=42 (full 0):
 garbage-first heap   total 130048K, used 57404K [0x0000000080000000, 0x0000000100000000)
  region size 1024K, 1 young (1024K), 1 survivors (1024K)
 Metaspace       used 67610K, committed 68224K, reserved 1114112K
  class space    used 9164K, committed 9472K, reserved 1048576K
}
Event: 51.868 GC heap before
{Heap before GC invocations=42 (full 0):
 garbage-first heap   total 130048K, used 104508K [0x0000000080000000, 0x0000000100000000)
  region size 1024K, 47 young (48128K), 1 survivors (1024K)
 Metaspace       used 72486K, committed 73088K, reserved 1114112K
  class space    used 9798K, committed 10112K, reserved 1048576K
}
Event: 51.877 GC heap after
{Heap after GC invocations=43 (full 0):
 garbage-first heap   total 130048K, used 59607K [0x0000000080000000, 0x0000000100000000)
  region size 1024K, 3 young (3072K), 3 survivors (3072K)
 Metaspace       used 72486K, committed 73088K, reserved 1114112K
  class space    used 9798K, committed 10112K, reserved 1048576K
}
Event: 54.149 GC heap before
{Heap before GC invocations=43 (full 0):
 garbage-first heap   total 130048K, used 111831K [0x0000000080000000, 0x0000000100000000)
  region size 1024K, 49 young (50176K), 3 survivors (3072K)
 Metaspace       used 75147K, committed 75776K, reserved 1114112K
  class space    used 10159K, committed 10496K, reserved 1048576K
}
Event: 54.163 GC heap after
{Heap after GC invocations=44 (full 0):
 garbage-first heap   total 130048K, used 64673K [0x0000000080000000, 0x0000000100000000)
  region size 1024K, 7 young (7168K), 7 survivors (7168K)
 Metaspace       used 75147K, committed 75776K, reserved 1114112K
  class space    used 10159K, committed 10496K, reserved 1048576K
}
Event: 57.725 GC heap before
{Heap before GC invocations=44 (full 0):
 garbage-first heap   total 130048K, used 106657K [0x0000000080000000, 0x0000000100000000)
  region size 1024K, 48 young (49152K), 7 survivors (7168K)
 Metaspace       used 79166K, committed 79808K, reserved 1179648K
  class space    used 10716K, committed 11008K, reserved 1048576K
}
Event: 57.738 GC heap after
{Heap after GC invocations=45 (full 0):
 garbage-first heap   total 130048K, used 66464K [0x0000000080000000, 0x0000000100000000)
  region size 1024K, 2 young (2048K), 2 survivors (2048K)
 Metaspace       used 79166K, committed 79808K, reserved 1179648K
  class space    used 10716K, committed 11008K, reserved 1048576K
}
Event: 59.689 GC heap before
{Heap before GC invocations=45 (full 0):
 garbage-first heap   total 130048K, used 107424K [0x0000000080000000, 0x0000000100000000)
  region size 1024K, 42 young (43008K), 2 survivors (2048K)
 Metaspace       used 82033K, committed 82688K, reserved 1179648K
  class space    used 11081K, committed 11392K, reserved 1048576K
}
Event: 59.700 GC heap after
{Heap after GC invocations=46 (full 0):
 garbage-first heap   total 130048K, used 70122K [0x0000000080000000, 0x0000000100000000)
  region size 1024K, 6 young (6144K), 6 survivors (6144K)
 Metaspace       used 82033K, committed 82688K, reserved 1179648K
  class space    used 11081K, committed 11392K, reserved 1048576K
}
Event: 85.886 GC heap before
{Heap before GC invocations=46 (full 0):
 garbage-first heap   total 130048K, used 106986K [0x0000000080000000, 0x0000000100000000)
  region size 1024K, 41 young (41984K), 6 survivors (6144K)
 Metaspace       used 84466K, committed 85120K, reserved 1179648K
  class space    used 11452K, committed 11776K, reserved 1048576K
}
Event: 91.534 GC heap after
{Heap after GC invocations=47 (full 0):
 garbage-first heap   total 130048K, used 71400K [0x0000000080000000, 0x0000000100000000)
  region size 1024K, 2 young (2048K), 2 survivors (2048K)
 Metaspace       used 84466K, committed 85120K, reserved 1179648K
  class space    used 11452K, committed 11776K, reserved 1048576K
}
Event: 99.129 GC heap before
{Heap before GC invocations=47 (full 0):
 garbage-first heap   total 130048K, used 74472K [0x0000000080000000, 0x0000000100000000)
  region size 1024K, 6 young (6144K), 2 survivors (2048K)
 Metaspace       used 84746K, committed 85376K, reserved 1179648K
  class space    used 11514K, committed 11840K, reserved 1048576K
}
Event: 99.402 GC heap after
{Heap after GC invocations=48 (full 0):
 garbage-first heap   total 130048K, used 71662K [0x0000000080000000, 0x0000000100000000)
  region size 1024K, 1 young (1024K), 1 survivors (1024K)
 Metaspace       used 84746K, committed 85376K, reserved 1179648K
  class space    used 11514K, committed 11840K, reserved 1048576K
}
Event: 107.264 GC heap before
{Heap before GC invocations=48 (full 0):
 garbage-first heap   total 130048K, used 76782K [0x0000000080000000, 0x0000000100000000)
  region size 1024K, 6 young (6144K), 1 survivors (1024K)
 Metaspace       used 85125K, committed 85760K, reserved 1179648K
  class space    used 11594K, committed 11904K, reserved 1048576K
}
Event: 107.368 GC heap after
{Heap after GC invocations=49 (full 0):
 garbage-first heap   total 130048K, used 71462K [0x0000000080000000, 0x0000000100000000)
  region size 1024K, 1 young (1024K), 1 survivors (1024K)
 Metaspace       used 85125K, committed 85760K, reserved 1179648K
  class space    used 11594K, committed 11904K, reserved 1048576K
}
Event: 116.754 GC heap before
{Heap before GC invocations=49 (full 0):
 garbage-first heap   total 130048K, used 75558K [0x0000000080000000, 0x0000000100000000)
  region size 1024K, 6 young (6144K), 1 survivors (1024K)
 Metaspace       used 85493K, committed 86144K, reserved 1179648K
  class space    used 11667K, committed 11968K, reserved 1048576K
}
Event: 116.815 GC heap after
{Heap after GC invocations=50 (full 0):
 garbage-first heap   total 130048K, used 71575K [0x0000000080000000, 0x0000000100000000)
  region size 1024K, 1 young (1024K), 1 survivors (1024K)
 Metaspace       used 85493K, committed 86144K, reserved 1179648K
  class space    used 11667K, committed 11968K, reserved 1048576K
}
Event: 123.934 GC heap before
{Heap before GC invocations=50 (full 0):
 garbage-first heap   total 130048K, used 76695K [0x0000000080000000, 0x0000000100000000)
  region size 1024K, 6 young (6144K), 1 survivors (1024K)
 Metaspace       used 85880K, committed 86528K, reserved 1179648K
  class space    used 11744K, committed 12032K, reserved 1048576K
}
Event: 123.938 GC heap after
{Heap after GC invocations=51 (full 0):
 garbage-first heap   total 130048K, used 71668K [0x0000000080000000, 0x0000000100000000)
  region size 1024K, 1 young (1024K), 1 survivors (1024K)
 Metaspace       used 85880K, committed 86528K, reserved 1179648K
  class space    used 11744K, committed 12032K, reserved 1048576K
}

Dll operation events (3 events):
Event: 0.109 Loaded shared library C:\Program Files\Android\Android Studio\jbr\bin\java.dll
Event: 0.901 Loaded shared library C:\Program Files\Android\Android Studio\jbr\bin\zip.dll
Event: 3.054 Loaded shared library C:\Program Files\Android\Android Studio\jbr\bin\verify.dll

Deoptimization events (20 events):
Event: 68.515 Thread 0x0000019f066a0150 Uncommon trap: trap_request=0xffffff45 fr.pc=0x0000019f7131153c relative=0x000000000000047c
Event: 68.515 Thread 0x0000019f066a0150 Uncommon trap: reason=unstable_if action=reinterpret pc=0x0000019f7131153c method=java.lang.AbstractStringBuilder.putStringAt(ILjava/lang/String;II)V @ 8 c2
Event: 68.515 Thread 0x0000019f066a0150 DEOPT PACKING pc=0x0000019f7131153c sp=0x0000008eb9af7250
Event: 68.515 Thread 0x0000019f066a0150 DEOPT UNPACKING pc=0x0000019f70d7699d sp=0x0000008eb9af7130 mode 2
Event: 68.515 Thread 0x0000019f066a0150 Uncommon trap: trap_request=0xffffff45 fr.pc=0x0000019f7130143c relative=0x000000000000011c
Event: 68.515 Thread 0x0000019f066a0150 Uncommon trap: reason=unstable_if action=reinterpret pc=0x0000019f7130143c method=java.lang.AbstractStringBuilder.putStringAt(ILjava/lang/String;II)V @ 8 c2
Event: 68.515 Thread 0x0000019f066a0150 DEOPT PACKING pc=0x0000019f7130143c sp=0x0000008eb9af71d0
Event: 68.515 Thread 0x0000019f066a0150 DEOPT UNPACKING pc=0x0000019f70d7699d sp=0x0000008eb9af7118 mode 2
Event: 68.515 Thread 0x0000019f066a0150 Uncommon trap: trap_request=0xffffff45 fr.pc=0x0000019f71301948 relative=0x0000000000000128
Event: 68.515 Thread 0x0000019f066a0150 Uncommon trap: reason=unstable_if action=reinterpret pc=0x0000019f71301948 method=java.lang.AbstractStringBuilder.putStringAt(ILjava/lang/String;II)V @ 8 c2
Event: 68.515 Thread 0x0000019f066a0150 DEOPT PACKING pc=0x0000019f71301948 sp=0x0000008eb9af7150
Event: 68.515 Thread 0x0000019f066a0150 DEOPT UNPACKING pc=0x0000019f70d7699d sp=0x0000008eb9af7118 mode 2
Event: 113.779 Thread 0x0000019f066a0150 Uncommon trap: trap_request=0xffffff45 fr.pc=0x0000019f71305160 relative=0x0000000000000780
Event: 113.779 Thread 0x0000019f066a0150 Uncommon trap: reason=unstable_if action=reinterpret pc=0x0000019f71305160 method=java.util.zip.ZipFile$Source.getEntryPos(Ljava/lang/String;Z)I @ 113 c2
Event: 113.779 Thread 0x0000019f066a0150 DEOPT PACKING pc=0x0000019f71305160 sp=0x0000008eb9af7c50
Event: 113.779 Thread 0x0000019f066a0150 DEOPT UNPACKING pc=0x0000019f70d7699d sp=0x0000008eb9af7bd8 mode 2
Event: 114.839 Thread 0x0000019f066a0150 Uncommon trap: trap_request=0xffffff6e fr.pc=0x0000019f712d8744 relative=0x0000000000000144
Event: 114.839 Thread 0x0000019f066a0150 Uncommon trap: reason=loop_limit_check action=maybe_recompile pc=0x0000019f712d8744 method=java.lang.StringLatin1.lastIndexOf([BII)I @ 19 c2
Event: 114.839 Thread 0x0000019f066a0150 DEOPT PACKING pc=0x0000019f712d8744 sp=0x0000008eb9af8910
Event: 114.839 Thread 0x0000019f066a0150 DEOPT UNPACKING pc=0x0000019f70d7699d sp=0x0000008eb9af8890 mode 2

Classes unloaded (0 events):
No events

Classes redefined (0 events):
No events

Internal exceptions (20 events):
Event: 45.380 Thread 0x0000019f060fc8e0 Exception <a 'java/lang/NoSuchMethodError'{0x0000000083de1900}: static Lorg/gradle/internal/build/event/types/AbstractOperationResult;.<clinit>()V> (0x0000000083de1900) 
thrown [s\src\hotspot\share\prims\jni.cpp, line 1127]
Event: 45.381 Thread 0x0000019f060fc8e0 Exception <a 'java/lang/NoSuchMethodError'{0x0000000083de2d78}: static Lorg/gradle/internal/build/event/types/AbstractResult;.<clinit>()V> (0x0000000083de2d78) 
thrown [s\src\hotspot\share\prims\jni.cpp, line 1127]
Event: 45.385 Thread 0x0000019f060fc8e0 Exception <a 'java/lang/NoSuchMethodError'{0x0000000083dfbab8}: static Lorg/gradle/internal/build/event/types/DefaultPluginApplicationResult;.<clinit>()V> (0x0000000083dfbab8) 
thrown [s\src\hotspot\share\prims\jni.cpp, line 1127]
Event: 45.387 Thread 0x0000019f060fc8e0 Exception <a 'java/lang/NoSuchMethodError'{0x0000000083c08700}: static Lorg/gradle/internal/build/event/types/DefaultBinaryPluginIdentifier;.<clinit>()V> (0x0000000083c08700) 
thrown [s\src\hotspot\share\prims\jni.cpp, line 1127]
Event: 45.394 Thread 0x0000019f060fc8e0 Exception <a 'java/lang/NoSuchMethodError'{0x0000000083c4c6c0}: static Lorg/gradle/internal/build/event/types/DefaultScriptPluginIdentifier;.<clinit>()V> (0x0000000083c4c6c0) 
thrown [s\src\hotspot\share\prims\jni.cpp, line 1127]
Event: 45.683 Thread 0x0000019f066a0150 Implicit null exception at 0x0000019f7131cb92 to 0x0000019f7131d3a1
Event: 45.683 Thread 0x0000019f066a0150 Implicit null exception at 0x0000019f71344f14 to 0x0000019f71345708
Event: 45.934 Thread 0x0000019f066a0150 Exception <a 'java/lang/NoSuchMethodError'{0x0000000084e75600}: 'void java.lang.invoke.Invokers$Holder.invoke_MT(java.lang.Object, java.lang.Object, java.lang.Object, java.lang.Object)'> (0x0000000084e75600) 
thrown [s\src\hotspot\share\interpreter\linkResolver.cpp, line 771]
Event: 45.967 Thread 0x0000019f066a0150 Exception <a 'java/lang/NoSuchMethodError'{0x0000000084ef5428}: 'java.lang.Object java.lang.invoke.DirectMethodHandle$Holder.invokeSpecial(java.lang.Object, java.lang.Object, java.lang.Object, int, java.lang.Object, java.lang.Object)'> (0x0000000084ef5428) 
thrown [s\src\hotspot\share\interpreter\linkResolver.cpp, line 771]
Event: 46.435 Thread 0x0000019f066a0150 Exception <a 'java/lang/ClassNotFoundException'{0x00000000843466a8}: sun/misc/SharedSecrets> (0x00000000843466a8) 
thrown [s\src\hotspot\share\classfile\systemDictionary.cpp, line 256]
Event: 46.436 Thread 0x0000019f066a0150 Exception <a 'java/lang/ClassNotFoundException'{0x0000000084347c80}: org/gradle/api/internal/plugins/DefaultObjectConfigurationActionBeanInfo> (0x0000000084347c80) 
thrown [s\src\hotspot\share\classfile\systemDictionary.cpp, line 256]
Event: 46.437 Thread 0x0000019f066a0150 Exception <a 'java/lang/ClassNotFoundException'{0x000000008435e088}: org/gradle/api/internal/plugins/DefaultObjectConfigurationActionCustomizer> (0x000000008435e088) 
thrown [s\src\hotspot\share\classfile\systemDictionary.cpp, line 256]
Event: 51.890 Thread 0x0000019f066a0150 Implicit null exception at 0x0000019f714a0c8c to 0x0000019f714a0dc2
Event: 52.150 Thread 0x0000019f066a0150 Exception <a 'sun/nio/fs/WindowsException'{0x000000008724d030}> (0x000000008724d030) 
thrown [s\src\hotspot\share\prims\jni.cpp, line 531]
Event: 54.826 Thread 0x0000019f066a0150 Implicit null exception at 0x0000019f715c4b48 to 0x0000019f715c4bf8
Event: 59.575 Thread 0x0000019f066a0150 Exception <a 'java/lang/NoClassDefFoundError'{0x000000008593abb0}: org/jetbrains/kotlin/gradle/plugin/KotlinBasePluginWrapper> (0x000000008593abb0) 
thrown [s\src\hotspot\share\classfile\systemDictionary.cpp, line 245]
Event: 60.171 Thread 0x0000019f066a0150 Exception <a 'java/lang/NoClassDefFoundError'{0x00000000874745f0}: org/jetbrains/kotlin/gradle/plugin/KotlinBasePluginWrapper> (0x00000000874745f0) 
thrown [s\src\hotspot\share\oops\constantPool.cpp, line 837]
Event: 60.293 Thread 0x0000019f066a0150 Exception <a 'java/lang/NoClassDefFoundError'{0x000000008717a768}: org/jetbrains/kotlin/gradle/plugin/KotlinBasePluginWrapper> (0x000000008717a768) 
thrown [s\src\hotspot\share\oops\constantPool.cpp, line 837]
Event: 60.455 Thread 0x0000019f066a0150 Exception <a 'java/lang/NoClassDefFoundError'{0x00000000870f5398}: org/jetbrains/kotlin/gradle/plugin/KotlinBasePluginWrapper> (0x00000000870f5398) 
thrown [s\src\hotspot\share\oops\constantPool.cpp, line 837]
Event: 60.517 Thread 0x0000019f066a0150 Exception <a 'java/lang/NoClassDefFoundError'{0x0000000086f12bb8}: org/jetbrains/kotlin/gradle/plugin/KotlinBasePluginWrapper> (0x0000000086f12bb8) 
thrown [s\src\hotspot\share\oops\constantPool.cpp, line 837]

VM Operations (20 events):
Event: 99.129 Executing VM operation: G1CollectForAllocation
Event: 99.402 Executing VM operation: G1CollectForAllocation done
Event: 100.406 Executing VM operation: Cleanup
Event: 100.406 Executing VM operation: Cleanup done
Event: 107.264 Executing VM operation: G1CollectForAllocation
Event: 107.368 Executing VM operation: G1CollectForAllocation done
Event: 110.392 Executing VM operation: Cleanup
Event: 110.392 Executing VM operation: Cleanup done
Event: 113.413 Executing VM operation: Cleanup
Event: 113.491 Executing VM operation: Cleanup done
Event: 115.508 Executing VM operation: Cleanup
Event: 115.508 Executing VM operation: Cleanup done
Event: 116.754 Executing VM operation: G1CollectForAllocation
Event: 116.815 Executing VM operation: G1CollectForAllocation done
Event: 117.826 Executing VM operation: Cleanup
Event: 117.872 Executing VM operation: Cleanup done
Event: 119.895 Executing VM operation: Cleanup
Event: 119.926 Executing VM operation: Cleanup done
Event: 123.934 Executing VM operation: G1CollectForAllocation
Event: 123.938 Executing VM operation: G1CollectForAllocation done

Events (20 events):
Event: 53.386 Thread 0x0000019f003a5da0 flushing nmethod 0x0000019f7134e210
Event: 53.387 Thread 0x0000019f003a5da0 flushing nmethod 0x0000019f7148fd90
Event: 53.389 Thread 0x0000019f003a5da0 flushing nmethod 0x0000019f69963c90
Event: 54.263 loading class jdk/internal/access/foreign/MemorySegmentProxy
Event: 54.263 loading class jdk/internal/access/foreign/MemorySegmentProxy done
Event: 54.679 loading class javax/xml/stream/XMLStreamException
Event: 54.680 loading class javax/xml/stream/XMLStreamException done
Event: 54.729 loading class sun/reflect/annotation/AnnotationInvocationHandler$1
Event: 54.729 loading class sun/reflect/annotation/AnnotationInvocationHandler$1 done
Event: 58.014 loading class java/util/ArrayList$SubList$1
Event: 58.016 loading class java/util/ArrayList$SubList$1 done
Event: 58.045 loading class java/lang/Override
Event: 58.046 loading class java/lang/Override done
Event: 63.024 loading class sun/reflect/generics/repository/FieldRepository
Event: 63.147 loading class sun/reflect/generics/repository/FieldRepository done
Event: 65.901 loading class jdk/internal/vm/annotation/ForceInline
Event: 65.901 loading class jdk/internal/vm/annotation/ForceInline done
Event: 68.517 loading class java/util/regex/Pattern$Caret
Event: 68.580 loading class java/util/regex/Pattern$Caret done
Event: 74.950 Thread 0x0000019f060fa570 Thread exited: 0x0000019f060fa570


Dynamic libraries:
0x00007ff7d45d0000 - 0x00007ff7d45da000 	C:\Program Files\Android\Android Studio\jbr\bin\java.exe
0x00007ffe65450000 - 0x00007ffe65648000 	C:\Windows\SYSTEM32\ntdll.dll
0x00007ffe635c0000 - 0x00007ffe63682000 	C:\Windows\System32\KERNEL32.DLL
0x00007ffe62e50000 - 0x00007ffe6314e000 	C:\Windows\System32\KERNELBASE.dll
0x00007ffe632e0000 - 0x00007ffe633e0000 	C:\Windows\System32\ucrtbase.dll
0x00007ffe424c0000 - 0x00007ffe424db000 	C:\Program Files\Android\Android Studio\jbr\bin\VCRUNTIME140.dll
0x00007ffe1c3b0000 - 0x00007ffe1c3c7000 	C:\Program Files\Android\Android Studio\jbr\bin\jli.dll
0x00007ffe64650000 - 0x00007ffe647ed000 	C:\Windows\System32\USER32.dll
0x00007ffe63150000 - 0x00007ffe63172000 	C:\Windows\System32\win32u.dll
0x00007ffe63590000 - 0x00007ffe635bb000 	C:\Windows\System32\GDI32.dll
0x00007ffe62af0000 - 0x00007ffe62c07000 	C:\Windows\System32\gdi32full.dll
0x00007ffe62c40000 - 0x00007ffe62cdd000 	C:\Windows\System32\msvcp_win.dll
0x00007ffe3f880000 - 0x00007ffe3fb1a000 	C:\Windows\WinSxS\amd64_microsoft.windows.common-controls_6595b64144ccf1df_6.0.19041.4355_none_60b8b9eb71f62e16\COMCTL32.dll
0x00007ffe651e0000 - 0x00007ffe6527e000 	C:\Windows\System32\msvcrt.dll
0x00007ffe64170000 - 0x00007ffe6419f000 	C:\Windows\System32\IMM32.DLL
0x00007ffe4bac0000 - 0x00007ffe4bacc000 	C:\Program Files\Android\Android Studio\jbr\bin\vcruntime140_1.dll
0x00007ffe2b250000 - 0x00007ffe2b2dd000 	C:\Program Files\Android\Android Studio\jbr\bin\msvcp140.dll
0x00007ffe21240000 - 0x00007ffe21ec3000 	C:\Program Files\Android\Android Studio\jbr\bin\server\jvm.dll
0x00007ffe65120000 - 0x00007ffe651d2000 	C:\Windows\System32\ADVAPI32.dll
0x00007ffe64df0000 - 0x00007ffe64e90000 	C:\Windows\System32\sechost.dll
0x00007ffe63fa0000 - 0x00007ffe640c3000 	C:\Windows\System32\RPCRT4.dll
0x00007ffe62c10000 - 0x00007ffe62c37000 	C:\Windows\System32\bcrypt.dll
0x00007ffe5bcf0000 - 0x00007ffe5bcfa000 	C:\Windows\SYSTEM32\VERSION.dll
0x00007ffe5be10000 - 0x00007ffe5be37000 	C:\Windows\SYSTEM32\WINMM.dll
0x00007ffe62950000 - 0x00007ffe6299b000 	C:\Windows\SYSTEM32\POWRPROF.dll
0x00007ffe4ca30000 - 0x00007ffe4ca39000 	C:\Windows\SYSTEM32\WSOCK32.dll
0x00007ffe641a0000 - 0x00007ffe6420b000 	C:\Windows\System32\ws2_32.DLL
0x00007ffe62930000 - 0x00007ffe62942000 	C:\Windows\SYSTEM32\UMPDC.dll
0x00007ffe60970000 - 0x00007ffe60982000 	C:\Windows\SYSTEM32\kernel.appcore.dll
0x00007ffe45d30000 - 0x00007ffe45d3a000 	C:\Program Files\Android\Android Studio\jbr\bin\jimage.dll
0x00007ffe479d0000 - 0x00007ffe47bb4000 	C:\Windows\SYSTEM32\DBGHELP.DLL
0x00007ffe48010000 - 0x00007ffe48044000 	C:\Windows\SYSTEM32\dbgcore.DLL
0x00007ffe633e0000 - 0x00007ffe63462000 	C:\Windows\System32\bcryptPrimitives.dll
0x00007ffe424b0000 - 0x00007ffe424be000 	C:\Program Files\Android\Android Studio\jbr\bin\instrument.dll
0x00007ffe3d560000 - 0x00007ffe3d585000 	C:\Program Files\Android\Android Studio\jbr\bin\java.dll
0x00007ffe2b9d0000 - 0x00007ffe2b9e8000 	C:\Program Files\Android\Android Studio\jbr\bin\zip.dll
0x00007ffe637b0000 - 0x00007ffe63f1f000 	C:\Windows\System32\SHELL32.dll
0x00007ffe60b70000 - 0x00007ffe61314000 	C:\Windows\SYSTEM32\windows.storage.dll
0x00007ffe64220000 - 0x00007ffe64573000 	C:\Windows\System32\combase.dll
0x00007ffe62450000 - 0x00007ffe6247e000 	C:\Windows\SYSTEM32\Wldp.dll
0x00007ffe65280000 - 0x00007ffe6534d000 	C:\Windows\System32\OLEAUT32.dll
0x00007ffe64580000 - 0x00007ffe6462d000 	C:\Windows\System32\SHCORE.dll
0x00007ffe64c60000 - 0x00007ffe64cb5000 	C:\Windows\System32\shlwapi.dll
0x00007ffe62a20000 - 0x00007ffe62a44000 	C:\Windows\SYSTEM32\profapi.dll
0x00007ffe23c60000 - 0x00007ffe23c79000 	C:\Program Files\Android\Android Studio\jbr\bin\net.dll
0x00007ffe59340000 - 0x00007ffe5944d000 	C:\Windows\SYSTEM32\WINHTTP.dll
0x00007ffe621b0000 - 0x00007ffe6221a000 	C:\Windows\system32\mswsock.dll
0x00007ffe22d60000 - 0x00007ffe22d76000 	C:\Program Files\Android\Android Studio\jbr\bin\nio.dll
0x00007ffe3d660000 - 0x00007ffe3d670000 	C:\Program Files\Android\Android Studio\jbr\bin\verify.dll
0x00007ffe3eaa0000 - 0x00007ffe3eac7000 	C:\Users\valee\.gradle\native\c067742578af261105cb4f569cf0c3c89f3d7b1fecec35dd04571415982c5e48\windows-amd64\native-platform.dll
0x00007ffe24a60000 - 0x00007ffe24ba4000 	C:\Users\valee\.gradle\native\38dada09dfb8b06ba9b0570ebf7e218e3eb74d4ef43ca46872605cf95ebc2f47\windows-amd64\native-platform-file-events.dll
0x00007ffe3ea70000 - 0x00007ffe3ea79000 	C:\Program Files\Android\Android Studio\jbr\bin\management.dll
0x00007ffe3e840000 - 0x00007ffe3e84b000 	C:\Program Files\Android\Android Studio\jbr\bin\management_ext.dll
0x00007ffe65350000 - 0x00007ffe65358000 	C:\Windows\System32\PSAPI.DLL
0x00007ffe623b0000 - 0x00007ffe623c8000 	C:\Windows\SYSTEM32\CRYPTSP.dll
0x00007ffe61ad0000 - 0x00007ffe61b04000 	C:\Windows\system32\rsaenh.dll
0x00007ffe629e0000 - 0x00007ffe62a0e000 	C:\Windows\SYSTEM32\USERENV.dll
0x00007ffe623a0000 - 0x00007ffe623ac000 	C:\Windows\SYSTEM32\CRYPTBASE.dll
0x00007ffe61e90000 - 0x00007ffe61ecb000 	C:\Windows\SYSTEM32\IPHLPAPI.DLL
0x00007ffe640d0000 - 0x00007ffe640d8000 	C:\Windows\System32\NSI.dll
0x00007ffe5aa10000 - 0x00007ffe5aa27000 	C:\Windows\SYSTEM32\dhcpcsvc6.DLL
0x00007ffe5abb0000 - 0x00007ffe5abcd000 	C:\Windows\SYSTEM32\dhcpcsvc.DLL
0x00007ffe61ed0000 - 0x00007ffe61f9a000 	C:\Windows\SYSTEM32\DNSAPI.dll
0x00007ffe405d0000 - 0x00007ffe405d9000 	C:\Program Files\Android\Android Studio\jbr\bin\extnet.dll
0x00007ffe40c50000 - 0x00007ffe40c57000 	C:\Windows\system32\wshunix.dll
0x00007ffe5b3b0000 - 0x00007ffe5b3ba000 	C:\Windows\System32\rasadhlp.dll
0x00007ffe54050000 - 0x00007ffe540d0000 	C:\Windows\System32\fwpuclnt.dll

dbghelp: loaded successfully - version: 4.0.5 - missing functions: none
symbol engine: initialized successfully - sym options: 0x614 - pdb path: .;C:\Program Files\Android\Android Studio\jbr\bin;C:\Windows\SYSTEM32;C:\Windows\WinSxS\amd64_microsoft.windows.common-controls_6595b64144ccf1df_6.0.19041.4355_none_60b8b9eb71f62e16;C:\Program Files\Android\Android Studio\jbr\bin\server;C:\Users\valee\.gradle\native\c067742578af261105cb4f569cf0c3c89f3d7b1fecec35dd04571415982c5e48\windows-amd64;C:\Users\valee\.gradle\native\38dada09dfb8b06ba9b0570ebf7e218e3eb74d4ef43ca46872605cf95ebc2f47\windows-amd64

VM Arguments:
jvm_args: --add-opens=java.base/java.util=ALL-UNNAMED --add-opens=java.base/java.lang=ALL-UNNAMED --add-opens=java.base/java.lang.invoke=ALL-UNNAMED --add-opens=java.prefs/java.util.prefs=ALL-UNNAMED --add-opens=java.base/java.nio.charset=ALL-UNNAMED --add-opens=java.base/java.net=ALL-UNNAMED --add-opens=java.base/java.util.concurrent.atomic=ALL-UNNAMED -Xmx2048m -Dfile.encoding=UTF-8 -Duser.country=RU -Duser.language=ru -Duser.variant -javaagent:C:\Users\valee\.gradle\wrapper\dists\gradle-8.7-bin\bhs2wmbdwecv87pi65oeuq5iu\gradle-8.7\lib\agents\gradle-instrumentation-agent-8.7.jar 
java_command: org.gradle.launcher.daemon.bootstrap.GradleDaemon 8.7
java_class_path (initial): C:\Users\valee\.gradle\wrapper\dists\gradle-8.7-bin\bhs2wmbdwecv87pi65oeuq5iu\gradle-8.7\lib\gradle-launcher-8.7.jar
Launcher Type: SUN_STANDARD

[Global flags]
     intx CICompilerCount                          = 3                                         {product} {ergonomic}
     uint ConcGCThreads                            = 1                                         {product} {ergonomic}
     uint G1ConcRefinementThreads                  = 4                                         {product} {ergonomic}
   size_t G1HeapRegionSize                         = 1048576                                   {product} {ergonomic}
    uintx GCDrainStackTargetSize                   = 64                                        {product} {ergonomic}
   size_t InitialHeapSize                          = 65011712                                  {product} {ergonomic}
   size_t MarkStackSize                            = 4194304                                   {product} {ergonomic}
   size_t MaxHeapSize                              = 2147483648                                {product} {command line}
   size_t MaxNewSize                               = 1287651328                                {product} {ergonomic}
   size_t MinHeapDeltaBytes                        = 1048576                                   {product} {ergonomic}
   size_t MinHeapSize                              = 8388608                                   {product} {ergonomic}
    uintx NonNMethodCodeHeapSize                   = 5832780                                {pd product} {ergonomic}
    uintx NonProfiledCodeHeapSize                  = 122912730                              {pd product} {ergonomic}
    uintx ProfiledCodeHeapSize                     = 122912730                              {pd product} {ergonomic}
    uintx ReservedCodeCacheSize                    = 251658240                              {pd product} {ergonomic}
     bool SegmentedCodeCache                       = true                                      {product} {ergonomic}
   size_t SoftMaxHeapSize                          = 2147483648                             {manageable} {ergonomic}
     bool UseCompressedClassPointers               = true                           {product lp64_product} {ergonomic}
     bool UseCompressedOops                        = true                           {product lp64_product} {ergonomic}
     bool UseG1GC                                  = true                                      {product} {ergonomic}
     bool UseLargePagesIndividualAllocation        = false                                  {pd product} {ergonomic}

Logging:
Log output configuration:
 #0: stdout all=warning uptime,level,tags
 #1: stderr all=off uptime,level,tags

Environment Variables:
PATH=C:\watcom-1.3\binnt;C:\watcom-1.3\binw;C:\watcom-1.3\binnt;C:\watcom-1.3\binw;C:\Program Files\Common Files\Oracle\Java\javapath;C:\Windows\system32;C:\Windows;C:\Windows\System32\Wbem;C:\Windows\System32\WindowsPowerShell\v1.0\;C:\Windows\System32\OpenSSH\;C:\Program Files\Git\cmd;H:\soft\Node js\;C:\Users\valee\AppData\Local\Microsoft\WindowsApps;;H:\vs code\Microsoft VS Code\bin;C:\Users\valee\AppData\Roaming\npm
USERNAME=valee
OS=Windows_NT
PROCESSOR_IDENTIFIER=Intel64 Family 6 Model 92 Stepping 9, GenuineIntel
TMP=C:\Users\valee\AppData\Local\Temp
TEMP=C:\Users\valee\AppData\Local\Temp



Periodic native trim disabled

JNI global refs:
JNI global refs: 27, weak refs: 1

JNI global refs memory usage: 843, weak refs: 841

Process memory usage:
Resident Set Size: 199572K (4% of 4014344K total physical memory with 238084K free physical memory)

OOME stack traces (most recent first):
Classloader memory used:
